[    0.000000] Initializing cgroup subsys cpuset
[    0.000000] Initializing cgroup subsys cpu
[    0.000000] Initializing cgroup subsys cpuacct
[    0.000000] Linux version 4.4.0-128-generic (buildd@lcy01-amd64-019) (gcc version 5.4.0 20160609 (Ubuntu 5.4.0-6ubuntu1~16.04.9) ) #154-Ubuntu SMP Fri May 25 14:15:18 UTC 2018 (Ubuntu 4.4.0-128.154-generic 4.4.131)
[    0.000000] Command line: BOOT_IMAGE=/boot/vmlinuz-4.4.0-128-generic root=LABEL=cloudimg-rootfs ro console=tty1 console=ttyS0
[    0.000000] KERNEL supported cpus:
[    0.000000]   Intel GenuineIntel
[    0.000000]   AMD AuthenticAMD
[    0.000000]   Centaur CentaurHauls
[    0.000000] x86/fpu: xstate_offset[2]:  576, xstate_sizes[2]:  256
[    0.000000] x86/fpu: Supporting XSAVE feature 0x01: 'x87 floating point registers'
[    0.000000] x86/fpu: Supporting XSAVE feature 0x02: 'SSE registers'
[    0.000000] x86/fpu: Supporting XSAVE feature 0x04: 'AVX registers'
[    0.000000] x86/fpu: Enabled xstate features 0x7, context size is 832 bytes, using 'standard' format.
[    0.000000] x86/fpu: Using 'lazy' FPU context switches.
[    0.000000] e820: BIOS-provided physical RAM map:
[    0.000000] BIOS-e820: [mem 0x0000000000000000-0x000000000009fbff] usable
[    0.000000] BIOS-e820: [mem 0x000000000009fc00-0x000000000009ffff] reserved
[    0.000000] BIOS-e820: [mem 0x00000000000f0000-0x00000000000fffff] reserved
[    0.000000] BIOS-e820: [mem 0x0000000000100000-0x000000007ffeffff] usable
[    0.000000] BIOS-e820: [mem 0x000000007fff0000-0x000000007fffffff] ACPI data
[    0.000000] BIOS-e820: [mem 0x00000000fec00000-0x00000000fec00fff] reserved
[    0.000000] BIOS-e820: [mem 0x00000000fee00000-0x00000000fee00fff] reserved
[    0.000000] BIOS-e820: [mem 0x00000000fffc0000-0x00000000ffffffff] reserved
[    0.000000] NX (Execute Disable) protection: active
[    0.000000] SMBIOS 2.5 present.
[    0.000000] Hypervisor detected: KVM
[    0.000000] e820: last_pfn = 0x7fff0 max_arch_pfn = 0x400000000
[    0.000000] MTRR: Disabled
[    0.000000] x86/PAT: MTRRs disabled, skipping PAT initialization too.
[   0.00000] CPU MTRRs all blank - virtualizedystem.
[    0.000000] x86/PAT: Configuration [0-7]: WB  WT  UC- UC  WB  WT  UC- UC  
[    0.000000] found SMP MP-table at [mem 0x0009fff0-0x0009ffff] mapped at [ffff88000009fff0]
[    0.000000] Scanning 1 areas for low memory corruption
[    0.000000] RAMDISK: [mem 0x36aa2000-0x37548fff]
[    0.000000] ACPI: Early table checksum verification disabled
[    0.000000] ACPI: RSDP 0x00000000000E0000 000024 (v02 VBOX  )
[    0.000000] ACPI: XSDT 0x000000007FFF0030 00003C (v01 VBOX   VBOXXSDT 00000001 ASL  00000061)
[    0.000000] ACPI: FACP 0x000000007FFF00F0 0000F4 (v04 VBOX   VBOXFACP 00000001 ASL  00000061)
[    0.000000] ACPI: DSDT 0x000000007FFF0470 0021FF (v02 VBOX   VBOXBIOS 00000002 INTL 20180105)
[    0.000000] ACPI: FACS 0x000000007FFF0200 000040
[    0.000000] ACPI: FACS 0x000000007FFF0200 000040
[    0.000000] ACPI: APIC 0x000000007FFF0240 00005C (v02 VBOX   VBOXAPIC 00000001 ASL  00000061)
[    0.000000] ACPI: SSDT 0x000000007FFF02A0 0001CC (v01 VBOX   VBOXCPUT 00000002 INTL 20180105)
[    0.000000] No NUMA configuration found
[    0.000000] Faking a node at [mem 0x0000000000000000-0x000000007ffeffff]
[    0.000000] NODE_DATA(0) allocated [mem 0x7ffeb000-0x7ffeffff]
[    0.000000] kvm-clock: Using msrs 4b564d01 and 4b564d00
[    0.000000] kvm-clock: cpu 0, msr 0:7ffe3001, primary cpu clock
[    0.000000] kvm-clock: using sched offset of 3265492957 cycles
[    0.000000] clocksource: kvm-clock: mask: 0xffffffffffffffff max_cycles: 0x1cd42e4dffb, max_idle_ns: 881590591483 ns
[    0.000000] Zone ranges:
[    0.000000]   DMA      [mem 0x0000000000001000-0x0000000000ffffff]
[    0.000000]   DMA32    [mem 0x0000000001000000-0x000000007ffeffff]
[    0.000000]   Normal   empty
[    0.000000]   Device   empty
[    0.000000] Movable zone start for each node
[    0.000000] Early memory node ranges
[    0.000000]   node   0: [mem 0x0000000000001000-0x000000000009efff]
[    0.000000]   node   0: [mem 0x0000000000100000-0x000000007ffeffff]
[    0.000000] Initmem setup node 0 [mem 0x0000000000001000-0x000000007ffeffff]
[    0.000000] ACPI: PM-Timer IO Port: 0x4008
[    0.000000] IOAPIC[0]: apic_id 2, version 32, address 0xfec00000, GSI 0-23
[    0.000000] ACPI: INT_SRC_OVR (bus 0 bus_irq 0 global_irq 2 dfl dfl)
[    0.000000] ACPI: INT_SRC_OVR (bus 0 bus_irq 9 global_irq 9 low level)
[    0.000000] Using ACPI (MADT) for SMP configuration information
[    0.000000] smpboot: Allowing 2 CPUs, 0 hotplug CPUs
[    0.000000] PM: Registered nosave memory: [mem 0x00000000-0x00000fff]
[    0.000000] PM: Registered nosave memory: [mem 0x0009f000-0x0009ffff]
[    0.000000] PM: Registered nosave memory: [mem 0x000a0000-0x000effff]
[    0.000000] PM: Registered nosave memory: [mem 0x000f0000-0x000fffff]
[    0.000000] e820: [mem 0x80000000-0xfebfffff] available for PCI devices
[    0.000000] Booting paravirtualized kernel on KVM
[    0.000000] clocksource: refined-jiffies: mask: 0xffffffff max_cycles: 0xffffffff, max_idle_ns: 7645519600211568 ns
[    0.000000] setup_percpu: NR_CPUS:512 nr_cpumask_bits:512 nr_cpu_ids:2 nr_node_ids:1
[    0.000000] PERCPU: Embedded 34 pages/cpu @ffff88007fc00000 s99544 r8192 d31528 u1048576
[    0.000000] PV qspinlock hash table entries: 256 (order: 0, 4096 bytes)
[    0.000000] Built 1 zonelists in Node order, mobility grouping on.  Total pages: 515960
[    0.000000] Policy zone: DMA32
[    0.000000] Kernel command line: BOOT_IMAGE=/boot/vmlinuz-4.4.0-128-generic root=LABEL=cloudimg-rootfs ro console=tty1 console=ttyS0
[    0.000000] PID hash table entries: 4096 (order: 3, 32768 bytes)
[    0.000000] Memory: 2033804K/2096696K available (8541K kernel code, 1313K rwdata, 4000K rodata, 1512K init, 1316K bss, 62892K reserved, 0K cma-reserved)
[    0.000000] SLUB: HWalign=64, Order=0-3, MinObjects=0, CPUs=2, Nodes=1
[    0.000000] Kernel/User page tables isolation: enabled
[    0.000000] Hierarchical RCU implementation.
[    0.000000] 	Build-time adjustment of leaf fanout to 64.
[    0.000000] 	RCU restricting CPUs from NR_CPUS=512 to nr_cpu_ids=2.
[    0.000000] RCU: Adjusting geometry for rcu_fanout_leaf=64, nr_cpu_ids=2
[    0.000000] NR_IRQS:33024 nr_irqs:440 16
[    0.000000] Console: colour VGA+ 80x25
[    0.000000] console [tty1] enabled
[    0.000000] console [ttyS0] enabled
[    0.000000] tsc: Detected 2194.932 MHz processor
[    0.358233] Calibrating delay loop (skipped) preset value.. 4389.86 BogoMIPS (lpj=8779728)
[    0.360081] pid_max: default: 32768 minimum: 301
[    0.363747] ACPI: Core revision 20150930
[    0.366041] ACPI: 2 ACPI AML tables successfully acquired and loaded
[    0.367791] Security Framework initialized
[    0.368911] Yama: becoming mindful.
[    0.369918] AppArmor: AppArmor initialized
[    0.382430] Dentry cache hash table entries: 262144 (order: 9, 2097152 bytes)
[    0.384555] Inode-cache hash table entries: 131072 (order: 8, 1048576 bytes)
[    0.392335] Mount-cache hash table entries: 4096 (order: 3, 32768 bytes)
[    0.394024] Mountpoint-cache hash table entries: 4096 (order: 3, 32768 bytes)
[    0.395916] Initializing cgroup subsys io
[    0.397029] Initializing cgroup subsys memory
[    0.398206] Initializing cgroup subsys devices
[    0.399390] Initializing cgroup subsys freezer
[    0.400562] Initializing cgroup subsys net_cls
[    0.401758] Initializing cgroup subsys perf_event
[    0.402995] Initializing cgroup subsys net_prio
[    0.404215] Initializing cgroup subsys hugetlb
[    0.405465] Initializing cgroup subsys pids
[    0.406672] CPU: Physical Processor ID: 0
[    0.407761] CPU: Processor Core ID: 0
[    0.409849] mce: CPU supports 0 MCE banks
[    0.410969] Last level iTLB entries: 4KB 64, 2MB 8, 4MB 8
[    0.417597] Last level dTLB entries: 4KB 64, 2MB 0, 4MB 0, 1GB 4
[    0.418833] Spectre V2 : Mitigation: Full generic retpoline
[    0.419953] Spectre V2 : Speculation control IBPB not-supported IBRS not-supported
[    0.421366] Speculative Store Bypass: Vulnerable
[    0.458459] Freeing SMP alternatives memory: 32K
[    0.474142] ftrace: allocating 32236 entries in 126 pages
[    0.580061] smpboot: APIC(0) Converting physical 0 to logical package 0
[    0.587075] smpboot: Max logical packages: 1
[    0.588545] x2apic enabled
[    0.589687] Switched APIC routing to physical x2apic.
[    0.592338] ..TIMER: vector=0x30 apic1=0 pin1=2 apic2=-1 pin2=-1
[    0.701567] smpboot: CPU0: Intel(R) Core(TM) i5-5200U CPU @ 2.20GHz (family: 0x6, model: 0x3d, stepping: 0x4)
[    0.770484] Performance Events: unsupported p6 CPU model 61 no PMU driver, software events only.
[    0.772981] KVM setup paravirtual spinlock
[    0.776636] x86: Booting SMP configuration:
[    0.777815] .... node  #0, CPUs:      #1
[    0.779093] kvm-clock: cpu 1, msr 0:7ffe3041, secondary cpu clock
[    0.798657] mce: CPU supports 0 MCE banks
[    0.801360] x86: Booted up 1 node, 2 CPUs
[    0.802741] smpboot: Total of 2 processors activated (8779.72 BogoMIPS)
[    0.804834] devtmpfs: initialized
[    0.807453] evm: security.selinux
[    0.808421] evm: security.SMACK64
[    0.809390] evm: security.SMACK64EXEC
[    0.810427] evm: security.SMACK64TRANSMUTE
[    0.811535] evm: security.SMACK64MMAP
[    0.812618] evm: security.ima
[    0.813551] evm: security.capability
[    0.814839] clocksource: jiffies: mask: 0xffffffff max_cycles: 0xffffffff, max_idle_ns: 7645041785100000 ns
[    0.817356] futex hash table entries: 512 (order: 3, 32768 bytes)
[    0.819065] pinctrl core: initialized pinctrl subsystem
[    0.820524] RTC time: 14:28:18, date: 07/01/18
[    0.821931] NET: Registered protocol family 16
[    0.837353] cpuidle: using governor ladder
[    0.861457] cpuidle: using governor menu
[    0.868940] PCCT header not found.
[    0.870067] ACPI: bus type PCI registered
[    0.876527] acpiphp: ACPI Hot Plug PCI Controller Driver version: 0.5
[    0.878240] PCI: Using configuration type 1 for base access
[    0.894516] ACPI: Added _OSI(Module Device)
[    0.901922] ACPI: Added _OSI(Processor Device)
[    0.904019] ACPI: Added _OSI(3.0 _SCP Extensions)
[    0.905334] ACPI: Added _OSI(Processor Aggregator Device)
[    0.907587] ACPI: Executed 1 blocks of module-level executable AML code
[    0.911821] ACPI: Interpreter enabled
[    0.912918] ACPI: (supports S0 S5)
[    0.913945] ACPI: Using IOAPIC for interrupt routing
[    0.915427] PCI: Using host bridge windows from ACPI; if necessary, use "pci=nocrs" and report a bug
[    0.921937] ACPI: PCI Root Bridge [PCI0] (domain 0000 [bus 00-ff])
[    0.923506] acpi PNP0A03:00: _OSC: OS supports [ASPM ClockPM Segments MSI]
[    0.926575] acpi PNP0A03:00: _OSC: not requesting OS control; OS requires [ExtendedConfig ASPM ClockPM MSI]
[    0.929043] acpi PNP0A03:00: fail to add MMCONFIG information, can't access extended PCI configuration space under this bridge.
[    0.932154] PCI host bridge to bus 0000:00
[    0.933341] pci_bus 0000:00: root bus resource [io  0x0000-0x0cf7 window]
[    0.935001] pci_bus 0000:00: root bus resource [io  0x0d00-0xffff window]
[    0.936638] pci_bus 0000:00: root bus resource [mem 0x000a0000-0x000bffff window]
[    0.938682] pci_bus 0000:00: root bus resource [mem 0x80000000-0xfdffffff window]
[    0.940714] pci_bus 0000:00: root bus resource [bus 00-ff]
[    0.943849] pci 0000:00:01.1: legacy IDE quirk: reg 0x10: [io  0x01f0-0x01f7]
[    0.945612] pci 0000:00:01.1: legacy IDE quirk: reg 0x14: [io  0x03f6]
[    0.947210] pci 0000:00:01.1: legacy IDE quirk: reg 0x18: [io  0x0170-0x0177]
[    0.960795] pci 0000:00:01.1: legacy IDE quirk: reg 0x1c: [io  0x0376]
[    0.998813] pci 0000:00:07.0: quirk: [io  0x4000-0x403f] claimed by PIIX4 ACPI
[    1.014397] pci 0000:00:07.0: quirk: [io  0x4100-0x410f] claimed by PIIX4 SMB
[    1.029784] ACPI: PCI Interrupt Link [LNKA] (IRQs 5 9 10 *11)
[    1.037845] ACPI: PCI Interrupt Link [LNKB] (IRQs 5 9 *10 11)
[    1.046004] ACPI: PCI Interrupt Link [LNKC] (IRQs 5 *9 10 11)
[    1.053156] ACPI: PCI Interrupt Link [LNKD] (IRQs 5 9 10 *11)
[    1.062714] ACPI: Enabled 2 GPEs in block 00 to 07
[    1.069833] vgaarb: setting as boot device: PCI:0000:00:02.0
[    1.071272] vgaarb: device added: PCI:0000:00:02.0,decodes=io+mem,owns=io+mem,locks=none
[    1.074494] vgaarb: loaded
[    1.075345] vgaarb: bridge control possible 0000:00:02.0
[    1.077017] SCSI subsystem initialized
[    1.078260] ACPI: bus type USB registered
[    1.079404] usbcore: registered new interface driver usbfs
[    1.080796] usbcore: registered new interface driver hub
[    1.082180] usbcore: registered new device driver usb
[    1.083813] PCI: Using ACPI for IRQ routing
[    1.085273] NetLabel: Initializing
[    1.086271] NetLabel:  domain hash size = 128
[    1.087441] NetLabel:  protocols = UNLABELED CIPSOv4
[    1.088739] NetLabel:  unlabeled traffic allowed by default
[    1.090332] amd_nb: Cannot enumerate AMD northbridges
[    1.091641] clocksource: Switched to clocksource kvm-clock
[    1.101240] AppArmor: AppArmor Filesystem Enabled
[    1.104947] pnp: PnP ACPI init
[    1.106724] pnp: PnP ACPI: found 3 devices
[    1.118302] clocksource: acpi_pm: mask: 0xffffff max_cycles: 0xffffff, max_idle_ns: 2085701024 ns
[    1.120585] NET: Registered protocol family 2
[    1.121892] TCP established hash table entries: 16384 (order: 5, 131072 bytes)
[    1.123907] TCP bind hash table entries: 16384 (order: 6, 262144 bytes)
[    1.125518] TCP: Hash tables configured (established 16384 bind 16384)
[    1.127098] UDP hash table entries: 1024 (order: 3, 32768 bytes)
[    1.128611] UDP-Lite hash table entries: 1024 (order: 3, 32768 bytes)
[    1.130192] NET: Registered protocol family 1
[    1.131335] pci 0000:00:00.0: Limiting direct PCI/PCI transfers
[    1.132779] pci 0000:00:01.0: Activating ISA DMA hang workarounds
[    1.134361] Unpacking initramfs...
[    3.322538] Freeing initrd memory: 10908K
[    3.329104] RAPL PMU detected, API unit is 2^-32 Joules, 4 fixed counters 10737418240 ms ovfl timer
[    3.331453] hw unit of domain pp0-core 2^-0 Joules
[    3.332739] hw unit of domain package 2^-0 Joules
[    3.333982] hw unit of domain dram 2^-0 Joules
[    3.335168] hw unit of domain pp1-gpu 2^-0 Joules
[    3.336513] platform rtc_cmos: registered platform RTC device (no PNP device found)
[    3.338616] Scanning for low memory corruption every 60 seconds
[    3.340575] audit: initializing netlink subsys (disabled)
[    3.343596] audit: type=2000 audit(1530455304.369:1): initialized
[    3.345475] Initialise system trusted keyring
[    3.346801] HugeTLB registered 2 MB page size, pre-allocated 0 pages
[    3.350086] zbud: loaded
[    3.351482] VFS: Disk quotas dquot_6.6.0
[    3.352759] VFS: Dquot-cache hash table entries: 512 (order 0, 4096 bytes)
[    3.354893] squashfs: version 4.0 (2009/01/31) Phillip Lougher
[    3.356870] fuse init (API version 7.23)
[    3.358111] Key type big_key registered
[    3.359228] Allocating IMA MOK and blacklist keyrings.
[    3.361929] Key type asymmetric registered
[    3.362909] Asymmetric key parser 'x509' registered
[    3.364020] Block layer SCSI generic (bsg) driver version 0.4 loaded (major 249)
[    3.365803] io scheduler noop registered
[    3.366724] io scheduler deadline registered (default)
[    3.367841] io scheduler cfq registered
[    3.368891] pci_hotplug: PCI Hot Plug PCI Core version: 0.5
[    3.370039] pciehp: PCI Express Hot Plug Controller Driver version: 0.4
[    3.371481] ACPI: AC Adapter [AC] (off-line)
[    3.372681] input: Power Button as /devices/LNXSYSTM:00/LNXPWRBN:00/input/input0
[    3.374411] ACPI: Power Button [PWRF]
[    3.375351] input: Sleep Button as /devices/LNXSYSTM:00/LNXSLPBN:00/input/input1
[    3.377081] ACPI: Sleep Button [SLPF]
[    3.378189] GHES: HEST is not enabled!
[    3.379170] ACPI: Battery Slot [BAT0] (battery present)
[    3.380662] Serial: 8250/16550 driver, 32 ports, IRQ sharing enabled
[    3.404136] 00:02: ttyS0 at I/O 0x3f8 (irq = 4, base_baud = 115200) is a 16550A
[    3.407106] Linux agpgart interface v0.103
[    3.410221] loop: module loaded
[    3.411730] scsi host0: ata_piix
[    3.412726] scsi host1: ata_piix
[    3.413596] ata1: PATA max UDMA/33 cmd 0x1f0 ctl 0x3f6 bmdma 0xd000 irq 14
[    3.414964] ata2: PATA max UDMA/33 cmd 0x170 ctl 0x376 bmdma 0xd008 irq 15
[    3.416524] libphy: Fixed MDIO Bus: probed
[    3.423324] tun: Universal TUN/TAP device driver, 1.6
[    3.424542] tun: (C) 1999-2004 Max Krasnyansky <maxk@qualcomm.com>
[    3.425832] PPP generic driver version 2.4.2
[    3.426890] ehci_hcd: USB 2.0 'Enhanced' Host Controller (EHCI) Driver
[    3.428207] ehci-pci: EHCI PCI platform driver
[    3.429198] ehci-platform: EHCI generic platform driver
[    3.433594] ohci_hcd: USB 1.1 'Open' Host Controller (OHCI) Driver
[    3.434864] ohci-pci: OHCI PCI platform driver
[    3.435847] ohci-platform: OHCI generic platform driver
[    3.436964] uhci_hcd: USB Universal Host Controller Interface driver
[    3.438295] i8042: PNP: PS/2 Controller [PNP0303:PS2K,PNP0f03:PS2M] at 0x60,0x64 irq 1,12
[    3.464276] serio: i8042 KBD port at 0x60,0x64 irq 1
[    3.465524] serio: i8042 AUX port at 0x60,0x64 irq 12
[    3.466944] mousedev: PS/2 mouse device common for all mice
[    3.469034] input: AT Translated Set 2 keyboard as /devices/platform/i8042/serio0/input/input2
[    3.471488] rtc_cmos rtc_cmos: rtc core: registered rtc_cmos as rtc0
[    3.473105] rtc_cmos rtc_cmos: alarms up to one day, 114 bytes nvram
[    3.477085] i2c /dev entries driver
[    3.479065] device-mapper: uevent: version 1.0.3
[    3.480797] device-mapper: ioctl: 4.34.0-ioctl (2015-10-28) initialised: dm-devel@redhat.com
[    3.483161] ledtrig-cpu: registered to indicate activity on CPUs
[    3.494109] NET: Registered protocol family 10
[    3.496373] NET: Registered protocol family 17
[    3.506402] Key type dns_resolver registered
[    3.510025] registered taskstats version 1
[    3.529999] Loading compiled-in X.509 certificates
[    3.574560] Loaded X.509 cert 'Build time autogenerated kernel key: fc7b57a7df019f2655f66a8a374d74ee8f4999fc'
[    3.577147] zswap: loaded using pool lzo/zbud
[    3.580606] Key type trusted registered
[    3.585657] Key type encrypted registered
[    3.586831] AppArmor: AppArmor sha1 policy hashing enabled
[    3.588249] ima: No TPM chip found, activating TPM-bypass!
[    3.589662] evm: HMAC attrs: 0x1
[    3.613330]   Magic number: 10:490:484
[    3.633627] rtc_cmos rtc_cmos: setting system clock to 2018-07-01 14:28:20 UTC (1530455300)
[    3.636026] BIOS EDD facility v0.16 2004-Jun-25, 0 devices found
[    3.637529] EDD information not available.
[    3.640219] Freeing unused kernel memory: 1512K
[    3.651853] Write protecting the kernel read-only data: 14336k
[    3.684528] Freeing unused kernel memory: 1688K
[    3.686066] Freeing unused kernel memory: 96K
Loading, please wait...
starting version 229
[    3.703789] random: systemd-udevd: uninitialized urandom read (16 bytes read, 3 bits of entropy available)
[    3.705098] random: udevadm: uninitialized urandom read (16 bytes read, 3 bits of entropy available)
[    3.705141] random: udevadm: uninitialized urandom read (16 bytes read, 3 bits of entropy available)
[    3.711236] random: systemd-udevd: uninitialized urandom read (16 bytes read, 3 bits of entropy available)
[    3.713694] random: systemd-udevd: uninitialized urandom read (16 bytes read, 3 bits of entropy available)
[    3.716172] random: systemd-udevd: uninitialized urandom read (16 bytes read, 3 bits of entropy available)
[    3.717214] random: udevadm: uninitialized urandom read (16 bytes read, 3 bits of entropy available)
[    3.717289] random: udevadm: uninitialized urandom read (16 bytes read, 3 bits of entropy available)
[    3.717530] random: udevadm: uninitialized urandom read (16 bytes read, 3 bits of entropy available)
[    3.717618] random: udevadm: uninitialized urandom read (16 bytes read, 3 bits of entropy available)
[    3.777900] e1000: Intel(R) PRO/1000 Network Driver - version 7.3.21-k8-NAPI
[    3.779702] e1000: Copyright (c) 1999-2006 Intel Corporation.
[    3.781216] Fusion MPT base driver 3.04.20
[    3.790513] Copyright (c) 1999-2008 LSI Corporation
[    3.812412] Fusion MPT SPI Host driver 3.04.20
[    3.813872] AVX2 version of gcm_enc/dec engaged.
[    3.815121] AES CTR mode by8 optimization enabled
[    4.009199] input: ImExPS/2 Generic Explorer Mouse as /devices/platform/i8042/serio1/input/input4
[    4.165970] e1000 0000:00:03.0 eth0: (PCI:33MHz:32-bit) 02:38:b8:f5:60:7e
[    4.234022] e1000 0000:00:03.0 eth0: Intel(R) PRO/1000 Network Connection
[    4.236782] mptbase: ioc0: Initiating bringup
[    4.237304] e1000 0000:00:03.0 enp0s3: renamed from eth0
[    4.477000] tsc: Refined TSC clocksource calibration: 2194.285 MHz
[    4.481336] clocksource: tsc: mask: 0xffffffffffffffff max_cycles: 0x1fa11c2cf4b, max_idle_ns: 440795270988 ns
[    4.485677] ioc0: LSI53C1030 A0: Capabilities={Initiator}
[    4.684469] scsi host2: ioc0: LSI53C1030 A0, FwRev=00000000h, Ports=1, MaxQ=256, IRQ=20
[    5.486065] scsi 2:0:0:0: Direct-Access     VBOX     HARDDISK         1.0  PQ: 0 ANSI: 5
[    5.492959] scsi target2:0:0: Beginning Domain Validation
[    5.497809] scsi target2:0:0: Domain Validation skipping write tests
[    5.511270] scsi target2:0:0: Ending Domain Validation
[    5.512717] scsi target2:0:0: asynchronous
[    5.514236] scsi 2:0:1:0: Direct-Access     VBOX     HARDDISK         1.0  PQ: 0 ANSI: 5
[    5.516364] scsi target2:0:1: Beginning Domain Validation
[    5.518488] scsi target2:0:1: Domain Validation skipping write tests
[    5.520029] scsi target2:0:1: Ending Domain Validation
[    5.521378] scsi target2:0:1: asynchronous
[    5.527782] sd 2:0:0:0: [sda] 20971520 512-byte logical blocks: (10.7 GB/10.0 GiB)
[    5.528034] sd 2:0:0:0: Attached scsi generic sg0 type 0
[    5.534996] sd 2:0:1:0: Attached scsi generic sg1 type 0
[    5.535257] sd 2:0:1:0: [sdb] 20480 512-byte logical blocks: (10.5 MB/10.0 MiB)
[    5.535385] sd 2:0:1:0: [sdb] Write Protect is off
[    5.535467] sd 2:0:1:0: [sdb] Incomplete mode parameter data
[    5.535468] sd 2:0:1:0: [sdb] Assuming drive cache: write through
[    5.540304] sd 2:0:1:0: [sdb] Attached SCSI disk
[    5.573168] sd 2:0:0:0: [sda] Write Protect is off
[    5.574616] sd 2:0:0:0: [sda] Incomplete mode parameter data
[    5.576012] sd 2:0:0:0: [sda] Assuming drive cache: write through
[    5.578931]  sda: sda1
[    5.580544] sd 2:0:0:0: [sda] Attached SCSI disk
Begin: Loading essential drivers ... [    7.024072] md: linear personality registered for level -1
[    7.107619] md: multipath personality registered for level -4
[    7.112554] md: raid0 personality registered for level 0
[    7.118821] md: raid1 personality registered for level 1
[    7.191677] raid6: sse2x1   gen()  6930 MB/s
[    7.331689] raid6: sse2x1   xor()  5203 MB/s
[    7.431677] raid6: sse2x2   gen()  8653 MB/s
[    7.531689] raid6: sse2x2   xor()  5659 MB/s
[    7.603670] raid6: sse2x4   gen() 10133 MB/s
[    7.671683] raid6: sse2x4   xor()  7041 MB/s
[    7.743683] raid6: avx2x1   gen() 13497 MB/s
[    7.811660] raid6: avx2x2   gen() 16072 MB/s
[    7.883694] raid6: avx2x4   gen() 18069 MB/s
[    7.888874] raid6: using algorithm avx2x4 gen() 18069 MB/s
[    7.890231] raid6: using avx2x2 recovery algorithm
[    7.898454] xor: automatically using best checksumming function:
[    7.976242]    avx       : 29855.000 MB/sec
[    7.979062] async_tx: api initialized (async)
[    7.990775] md: raid6 personality registered for level 6
[    7.993954] md: raid5 personality registered for level 5
[    7.995320] md: raid4 personality registered for level 4
[    8.003213] md: raid10 personality registered for level 10
done.
Begin: Running /scripts/init-premount ... done.
Begin: Mounting root file system ... Begin: Running /scripts/local-top ... done.
Begin: Running /scripts/local-premount ... [    8.049365] Btrfs loaded
Scanning for Btrfs filesystems
done.
Warning: fsck not present, so skipping root file system
[    8.099752] EXT4-fs (sda1): mounted filesystem with ordered data mode. Opts: (null)
done.
Begin: Running /scripts/local-bottom ... done.
Begin: Running /scripts/init-bottom ... done.
[    8.236983] systemd[1]: systemd 229 running in system mode. (+PAM +AUDIT +SELINUX +IMA +APPARMOR +SMACK +SYSVINIT +UTMP +LIBCRYPTSETUP +GCRYPT +GNUTLS +ACL +XZ -LZ4 +SECCOMP +BLKID +ELFUTILS +KMOD -IDN)
[    8.255999] systemd[1]: Detected virtualization oracle.
[    8.257107] systemd[1]: Detected architecture x86-64.

Welcome to [1mUbuntu 16.04.4 LTS[0m!

[    8.261236] systemd[1]: Set hostname to <ubuntu>.
[    8.265143] systemd[1]: Initializing machine ID from random generator.
[    8.266816] systemd[1]: Installed transient /etc/machine-id file.
[    8.422203] systemd[1]: Reached target System Time Synchronized.
[[0;32m  OK  [0m] Reached target System Time Synchronized.
[    8.425627] systemd[1]: Listening on udev Control Socket.
[[0;32m  OK  [0m] Listening on udev Control Socket.
[    8.428222] systemd[1]: Listening on Syslog Socket.
[[0;32m  OK  [0m] Listening on Syslog Socket.
[    8.430596] systemd[1]: Listening on LVM2 metadata daemon socket.
[[0;32m  OK  [0m] Listening on LVM2 metadata daemon socket.
[    8.433439] systemd[1]: Listening on LVM2 poll daemon socket.
[[0;32m  OK  [0m] Listening on LVM2 poll daemon socket.
[    8.436150] systemd[1]: Listening on Journal Socket.
[[0;32m  OK  [0m] Listening on Journal Socket.
[    8.438530] systemd[1]: Reached target User and Group Name Lookups.
[[0;32m  OK  [0m] Reached target User and Group Name Lookups.
[    8.441529] systemd[1]: Set up automount Arbitrary Executable File Formats File System Automount Point.
[[0;32m  OK  [0m] Set up automount Arbitrary Executab...ats File System Automount Point.
[    8.445651] systemd[1]: Listening on Journal Audit Socket.
[[0;32m  OK  [0m] Listening on Journal Audit Socket.
[    8.448546] systemd[1]: Created slice User and Session Slice.
[[0;32m  OK  [0m] Created slice User and Session Slice.
[    8.451229] systemd[1]: Listening on Journal Socket (/dev/log).
[[0;32m  OK  [0m] Listening on Journal Socket (/dev/log).
[    8.454073] systemd[1]: Listening on udev Kernel Socket.
[[0;32m  OK  [0m] Listening on udev Kernel Socket.
[    8.456899] systemd[1]: Created slice System Slice.
[[0;32m  OK  [0m] Created slice System Slice.
[    8.459613] systemd[1]: Created slice system-serial\x2dgetty.slice.
[[0;32m  OK  [0m] Created slice system-serial\x2dgetty.slice.
[    8.471806] systemd[1]: Starting Nameserver information manager...
         Starting Nameserver information manager...
[    8.482585] systemd[1]: Mounting Debug File System...
         Mounting Debug File System...
[    8.537597] systemd[1]: Starting Load Kernel Modules...
[    8.552672] Loading iSCSI transport class v2.0-870.
         Starting Load Kernel Modules...
[    8.556201] systemd[1]: Starting Journal Service...
         Starting Journal[    8.571247] iscsi: registered transport (tcp)
 Service...
[    8.704307] systemd[1]: Starting Remount Root and Kernel File Systems...
         [    8.716665] EXT4-fs (sda1): re-mounted. Opts: (null)
Starting Remount Root and Kernel File Systems...
[    8.726629] systemd[1]: Mounting POSIX Message Queue File System...
         Mounting POSIX Message Queue File System...
[    8.732488] systemd[1]: Starting Uncomplicated firewall...
         Starting Uncomplicated firewall...
[    8.750507] systemd[1]: Mounting Huge Pages File System...
         Mounting Huge Pages File System...
[    8.759937] systemd[1]: Listening on /dev/initctl Compatibility Named Pipe.
[[0;32m  OK  [0m] Listening on /dev/initctl Compatibility Named Pipe.
[    8.771048] systemd[1]: Started Trigger resolvconf update for networkd DNS.
[    8.781483] iscsi: registered transport (iser)
[[0;32m  OK  [0m] Started Trigger resolvconf update for networkd DNS.
[    8.785660] systemd[1]: Reached target Encrypted Volumes.
[[0;32m  OK  [0m] Reached target Encrypted Volumes.
[    8.788318] systemd[1]: Listening on Device-mapper event daemon FIFOs.
[[0;32m  OK  [0m] Listening on Device-mapper event daemon FIFOs.
[    8.792105] systemd[1]: Starting Monitoring of LVM2 mirrors, snapshots etc. using dmeventd or progress polling...
         Starting Monitoring of LVM2 mirrors... dmeventd or progress polling...
[    8.827168] systemd[1]: Starting Set console keymap...
         Starting Set console keymap...
[    8.832009] systemd[1]: Starting Create list of required static device nodes for the current kernel...
         Starting Create list of required st... nodes for the current kernel...
[    8.843551] systemd[1]: Reached target Slices.
[[0;32m  OK  [0m] Reached target Slices.
[    8.846119] systemd[1]: Reached target Swap.
[[0;32m  OK  [0m] Reached target Swap.
[    8.848751] systemd[1]: Started Forward Password Requests to Wall Directory Watch.
[[0;32m  OK  [0m] Started Forward Password Requests to Wall Directory Watch.
[    8.854335] systemd[1]: Mounted Debug File System.
[[0;32m  OK  [0m] Mounted Debug File System.
[    8.858093] systemd[1]: Mounted POSIX Message Queue File System.
[[0;32m  OK  [0m] Mounted POSIX Message Queue File System.
[    8.860903] systemd[1]: Mounted Huge Pages File System.
[[0;32m  OK  [0m] Mounted Huge Pages File System.
[    8.863493] systemd[1]: Started Journal Service.
[[0;32m  OK  [0m] Started Journal Service.
[[0;32m  OK  [0m] Started Load Kernel Modules.
[[0;32m  OK  [0m] Started Remount Root and Kernel File Systems.
[[0;32m  OK  [0m] Started Uncomplicated firewall.
[[0;32m  OK  [0m] Started Set console keymap.
[[0;32m  OK  [0m] Started Create list of required sta...ce nodes for the current kernel.
[[0;32m  OK  [0m] Started Nameserver information manager.
[    8.920721] random: nonblocking pool is initialized
[[0;32m  OK  [0m] Started LVM2 metadata daemon.
         Starting Create Static Device Nodes in /dev...
         Starting udev Coldplug all Devices...
         Starting Load/Save Random Seed...
         Mounting FUSE Control File System...
         Starting Apply Kernel Variables...
         Starting Flush Journal to Persistent Storage...
[[0;32m  OK  [0m] Mounted FUSE Control File System.
[[0;32m  OK  [0m] Started Create Static Device Nodes in /dev.
[[0;32m  OK  [0m] Started Load/Save Random Seed.
[[0;32m  OK  [0m] Started Apply Kernel Variables.
[[0;32m  OK  [0m] Started udev Coldplug all Devices.
[[0;32m  OK  [0m] Started Flush Journal to Persistent Storage.
         Starting udev Kernel Device Manager...
[[0;32m  OK  [0m] Started udev Kernel Device Manager.
[[0;32m  OK  [0m] Started Dispatch Password Requests to Console Directory Watch.
[[0;32m  OK  [0m] Started Monitoring of LVM2 mirrors,...ng dmeventd or progress polling.
[[0;32m  OK  [0m] Reached target Local File Systems (Pre).
[[0;32m  OK  [0m] Reached target Local File Systems.
         Starting LSB: AppArmor initialization...
         Starting Tell Plymouth To Write Out Runtime Data...
         Starting Initial cloud-init job (pre-networking)...
         Starting Commit a transient machine-id on disk...
         Starting Set console font and keymap...
         Starting Create Volatile Files and Directories...
[[0;32m  OK  [0m] Started Tell Plymouth To Write Out Runtime Data.
[[0;32m  OK  [0m] Started Commit a transient machine-id on disk.
[[0;32m  OK  [0m] Started Create Volatile Files and Directories.
         Starting Update UTMP about System Boot/Shutdown...
[[0;32m  OK  [0m] Started Update UTMP about System Boot/Shutdown.
[[0;32m  OK  [0m] Found device /dev/ttyS0.
[[0;32m  OK  [0m] Listening on Load/Save RF Kill Switch Status /dev/rfkill Watch.
[[0;32m  OK  [0m] Started Initial cloud-init job (pre-networking).
[[0;32m  OK  [0m] Reached target Network (Pre).
[   10.267179] cloud-init[479]: Cloud-init v. 18.2 running 'init-local' at Sun, 01 Jul 2018 14:28:27 +0000. Up 9.72 seconds.
[[0;32m  OK  [0m] Started LSB: AppArmor initialization.
         Starting Raise network interfaces...
[[0;32m  OK  [0m] Started Set console font and keymap.
[[0;32m  OK  [0m] Created slice system-getty.slice.
[[0;32m  OK  [0m] Started Raise network interfaces.
[[0;32m  OK  [0m] Reached target Network.
         Starting Initial cloud-init job (metadata service crawler)...
[   12.347470] cloud-init[959]: Cloud-init v. 18.2 running 'init' at Sun, 01 Jul 2018 14:28:28 +0000. Up 11.42 seconds.
[   12.351963] cloud-init[959]: ci-info: +++++++++++++++++++++++++++++++++++++Net device info++++++++++++++++++++++++++++++++++++++
[   12.360200] cloud-init[959]: ci-info: +--------+------+----------------------------+---------------+-------+-------------------+
[   12.408849] cloud-init[959]: ci-info: | Device |  Up  |          Address           |      Mask     | Scope |     Hw-Address    |
[   12.420260] cloud-init[959]: ci-info: +--------+------+----------------------------+---------------+-------+-------------------+
[[0;32m  OK  [0m] Started Initial cloud-init job (metadata service crawler).
[   12.426363] cloud-init[959]: ci-info: | enp0s3 | True |         10.0.2.15          | 255.255.255.0 |   .   | 02:38:b8:f5:60:7e |
[[0;32m  OK  [0m] Reached target Network is Online.
[   12.434909] cloud-init[959]: ci-info: | enp0s3 | True | fe80::38:b8ff:fef5:607e/64 |       .       |  link | 02:38:b8:f5:60:7e |
[   12.449533] cloud-init[959]: ci-info: |   lo   | True |         127.0.0.1          |   255.0.0.0   |   .   |         .         |         Starting iSCSI initiator daemon (iscsid)...
[[0;32m  OK  [0m] Reached target Cloud-config availability.
[[0;32m  OK  [0m] Reached target System Initialization.
         Starting Socket activation for snappy daemon.

[   12.462977] cloud-init[959]: ci-info: |   lo   | True |          ::1/128           |       .       |  host |         .         |
[   12.463054] cloud-init[959]: ci-info: +--------+------+----------------------------+---------------+-------+-------------------+
[[0;32m  OK  [0m] Started Daily apt download activities.
[   12.464177] cloud-init[959]: ci-info: +++++++++++++++++++++++++++Route IPv4 info++++++++++++++++++++++++++++
         Starting LXD - unix socket.
[   12.568694] cloud-init[959]: ci-info: +-------+-------------+----------+---------------+-----------+-------+
[   12.586719] cloud-init[959]: ci-info: | Route | Destination | Gateway  |    Genmask    | Interface | Flags |
[[0;32m  OK  [0m] Started ACPI Events Check.
[[0;32m  OK  [0m] Reached target Paths.
[[0;32m  OK  [0m] Started Daily apt upgrade and clean activities.
[[0;32m  OK  [0m] Listening on UUID daemon activation socket.
[[0;32m  OK  [0m] Listening on ACPID Listen Socket.
[[0;32m  OK  [0m] Started Daily Cleanup of Temporary Directories.
[[0;32m  OK  [0m] Reached target Timers.
[[0;32m  OK  [0m] Listening on D-Bus System Message Bus Socket.
[   12.595835] cloud-init[959]: ci-info: +-------+-------------+----------+---------------+-----------+-------+
[[0;32m  OK  [0m] Listening on Socket activation for snappy daemon.
[   12.733531] cloud-init[959]: ci-info: |   0   |   0.0.0.0   | 10.0.2.2 |    0.0.0.0    |   enp0s3  |   UG  |
[   12.764435] cloud-init[959]: ci-info: |   1   |   10.0.2.0  | 0.0.0.0  | 255.255.255.0 |   enp0s3  |   U   |
[   12.764889] cloud-init[959]: ci-info: +-------+-------------+----------+---------------+-----------+-------+
[   12.765141] cloud-init[959]: Generating public/private rsa key pair.
[   12.765395] cloud-init[959]: Your identification has been saved in /etc/ssh/ssh_host_rsa_key.
[   12.765650] cloud-init[959]: Your public key has been saved in /etc/ssh/ssh_host_rsa_key.pub.
[   12.765908] cloud-init[959]: The key fingerprint is:
[   12.766165] cloud-init[959]: SHA256:xWF+pIGvK4DJHGxFCT9e/k/KxT3SxUXu/pHIJbxpkJw root@ubuntu-xenial
[   12.766692] cloud-init[959]: The key's randomart image is:
[   12.766954] cloud-init[959]: +---[RSA 2048]----+
[   12.767221] cloud-init[959]: |  .o..   .+ .   .|
[   12.767469] cloud-init[959]: |   .o   .+ =   o |
[   12.767729] cloud-init[959]: | . .o .  .= .   o|
[[0;32m  OK  [0m] Listening on LXD - unix socket.
[[0;32m  OK  [0m] Started iSCSI initiator daemon (iscsid).
[   12.767983] cloud-init[959]: |  +. +   .o.+. o |
[   12.991541] cloud-init[959]: | + +. . S. E oo..|
[   12.993140] cloud-init[959]: |  = .  ... oo.*..|
[   13.008346] cloud-init[959]: |     .  ..= +* o.|
[   13.009756] cloud-init[959]: |      ...= ...  o|
[   13.020815] cloud-init[959]: |       .o .     .|
         Starting Login to default iSCSI targets...
[[0;32m  OK  [0m] Reached target Sockets.
[[0;32m  OK  [0m] Reached target Basic System.
[   13.035690] cloud-init[959]: +----[SHA256]-----+
[   13.097837] cloud-init[959]: Generating public/private dsa key pair.
[   13.112460] cloud-init[959]: Your identification has been saved in /etc/ssh/ssh_host_dsa_key.
[[0;32m  OK  [0m] Started D-Bus System Message Bus.
[   13.125453] cloud-init[959]: Your public key has been saved in /etc/ssh/ssh_host_dsa_key.pub.
[   13.149548] cloud-init[959]: The key fingerprint is:
[   13.151249] cloud-init[959]: SHA256:TyXqYOYMFiRXP02G7Fogj9bnKlK0vcRA0LSQLNbq1p4 root@ubuntu-xenial
[   13.156379] cloud-init[959]: The key's randomart image is:
[   13.158221] cloud-init[959]: +---[DSA 1024]----+
[   13.159770] cloud-init[959]: | .==+... .o      |
[   13.161366] cloud-init[959]: |..o*+...o+       |
[   13.174541]          Starting LSB: Record successful boot for GRUB...
cloud-init[959]: |....o= oo o .    |
[   13.238479]          Starting Snappy daemon...
cloud-init[959]: | .  =.o +o o     |
[   13.240505] cloud-init[959]: |. .oo=+=S .      |
[   13.252274] [[0;32m  OK  [0m] Started Deferred execution scheduler.
cloud-init[959]: | o oo*=o.o       |
         Starting Login Service...
[   13.259554]          Starting Accounts Service...
[[0;32m  OK  [0m] Started ACPI event daemon.
cloud-init[[0;32m  OK  [0m] Started FUSE filesystem for LXC.
         Starting LSB: MD monitoring daemon...
         Starting /etc/rc.local Compatibility...
         Starting LXD - container startup/shutdown...
[959]: |. ....oo. .      |
[   13.300972]          Starting Virtualbox guest utils...
cloud-init[959]: |  .E. o          |[[0;32m  OK  [0m] Started Unattended Upgrades Shutdown.

[   13.304322] cloud-init[959]: |   . .           |
[   13.305855] cloud-init[959]: +----[SHA256]-----+
[   13.309564] cloud-init[959]: Generating public/private ecdsa key pair.
[   13.332217]          Starting Apply the settings specified in cloud-config...
cloud-init[959]: Your identification has been saved in /etc/ssh/ssh_host_ecdsa_key.
[[0;32m  OK  [0m] Started Regular background program processing daemon.
[   13.382450] cloud-init[959]: Your public key has been saved in /etc/ssh/ssh_host_ecdsa_key.pub.
         Starting System Logging Service...
[   13.445099] cloud-init[959]: The key fingerprint is:
[   13.468386] cloud-init[959]: SHA256:LitgTRBufjf8oHFz9m8p6yN6LZ+ONJMgt7cVkNyWJdg root@ubuntu-xenial
[   13.492220] cloud-init[959]: The key's randomart image is:
[   13.492723] cloud-init[959]: +---[ECDSA 256]---+
[   13.493556] cloud-init[959]: |  ..     o. .    |
[   13.494426] cloud-init[959]: | ..    ..oE+     |
         Starting Pollinate to seed the pseudo random number generator...
[[0;32m  OK  [0m] Started System Logging Service.
[[0;32m  OK  [0m] Started Snappy daemon.
[[0;32m  OK  [0m] Started /etc/rc.local Compatibility.
[   13.495290] cloud-init[959]: |  o.    + +      |
[[0;32m  OK  [0m] Started LSB: Record successful boot for GRUB.
[[0;32m  OK  [0m] Started LXD - container startup/shutdown.
[[0;32m  OK  [0m] Started Login to default iSCSI targets.
[   13.617595] cloud-init[959]: | o  ..   o       |
[   13.656246] cloud-init[959]: |  .o+ X S .      |
[   13.660802] cloud-init[959]: |  o..B @ o .     |
[   13.696747] cloud-init[959]: | . .. o O.o  .   |
[   13.709297] cloud-init[959]: |    .  =+*+oo    |
[   13.716821] cloud-init[959]: |     .ooo**=.    |
[   13.731367] cloud-init[959]: +----[SHA256]-----+
[   13.760286] cloud-init[959]: Generating public/private ed25519 key pair.
[   13.760789] cloud-init[959]: Your identification has been saved in /etc/ssh/ssh_host_ed25519_key.
[   13.761049] cloud-init[959]: Your public key has been saved in /etc/ssh/ssh_host_ed25519_key.pub.
[   13.761159] cloud-init[959]: The key fingerprint is:
[   13.761276] cloud-init[959]: SHA256:7qBogNQoXxnC3hU5uWcZRDsRYfmmvEWcpNhhCU/E8yE root@ubuntu-xenial
[   13.761389] cloud-init[959]: The key's randomart image is:
[   13.761500] cloud-init[959]: +--[ED25519 256]--+
[   13.761911] cloud-init[959]: | .    oXX=       |
[   13.762141] cloud-init[959]: |  o . =+Eoo      |
[   13.763283] cloud-init[959]: | .oo + *+% o     |
[   13.763375] cloud-init[959]: |.o..+ o *.B      |
[   13.763465] cloud-init[959]: |+. .   +S+       |
[   13.763563] cloud-init[959]: |o .    .o .      |
[   13.763664] cloud-init[959]: | .    . .o       |
[   13.763841] cloud-init[959]: |  .. . o.        |
[   13.763942] cloud-init[959]: | .. .   .        |
[   13.764051] cloud-init[959]: +----[SHA256]-----+
[[0;32m  OK  [0m] Started LSB: MD monitoring daemon.
[[0;32m  OK  [0m] Started Virtualbox guest utils.
[[0;32m  OK  [0m] Started Login Service.
         Starting Authenticate and Authorize Users to Run Privileged Tasks...
[[0;32m  OK  [0m] Reached target Remote File Systems (Pre).
[[0;32m  OK  [0m] Reached target Remote File Systems.
         Starting LSB: daemon to balance interrupts for SMP systems...
         Starting LSB: Set the CPU Frequency Scaling governor to "ondemand"...
         Starting LSB: automatic crash report generation...
         Starting Permit User Sessions...
         Starting Wait until snapd is fully seeded...
[[0;32m  OK  [0m] Started Pollinate to seed the pseudo random number generator.
[[0;32m  OK  [0m] Started Permit User Sessions.
[[0;32m  OK  [0m] Started Authenticate and Authorize Users to Run Privileged Tasks.
[[0;32m  OK  [0m] Started Accounts Service.
[[0;32m  OK  [0m] Started LSB: daemon to balance interrupts for SMP systems.
         Starting Terminate Plymouth Boot Screen...
         Starting Hold until boot process finishes up...
         Starting OpenBSD Secure Shell server...
[[0;32m  OK  [0m] Started LSB: Set the CPU Frequency Scaling governor to "ondemand".
[[0;32m  OK  [0m] Started Terminate Plymouth Boot Screen.
[   14.410967] [cloud-init[0;32m  OK  [0m[1104]: ] Generating locales (this might take a while)...Started Hold until boot process finishes up.

[[0;32m  OK  [0m] Started OpenBSD Secure Shell server.
         Starting Set console scheme...
[[0;32m  OK  [0m] Started Serial Getty on ttyS0.
[[0;32m  OK  [0m] Started Getty on tty1.
[[0;32m  OK  [0m] Reached target Login Prompts.
[[0;32m  OK  [0m] Started LSB: automatic crash report generation.
[[0;32m  OK  [0m] Started Set console scheme.
[[0;32m  OK  [0m] Started Wait until snapd is fully seeded.
[[0;32m  OK  [0m] Reached target Multi-User System.
[[0;32m  OK  [0m] Reached target Graphical Interface.
         Starting Update UTMP about System Runlevel Changes...
[[0;32m  OK  [0m] Created slice User Slice of vagrant.
         Starting User Manager for UID 1000...
[[0;32m  OK  [0m] Started Session 1 of user vagrant.
[[0;32m  OK  [0m] Started Update UTMP about System Runlevel Changes.
[[0;32m  OK  [0m] Started User Manager for UID 1000.
[   15.532772] cloud-init[1104]:   en_US.UTF-8... done
[   15.538255] cloud-init[1104]: Generation complete.
[   16.026999] cloud-init[1104]: Cloud-init v. 18.2 running 'modules:config' at Sun, 01 Jul 2018 14:28:31 +0000. Up 14.09 seconds.
[[0;32m  OK  [0m] Started Apply the settings specified in cloud-config.
         Starting Execute cloud user/final scripts...
ci-info: no authorized ssh keys fingerprints found for user ubuntu.
<14>Jul  1 14:28:34 ec2: 
<14>Jul  1 14:28:34 ec2: #############################################################
<14>Jul  1 14:28:34 ec2: -----BEGIN SSH HOST KEY FINGERPRINTS-----
<14>Jul  1 14:28:34 ec2: 1024 SHA256:TyXqYOYMFiRXP02G7Fogj9bnKlK0vcRA0LSQLNbq1p4 root@ubuntu-xenial (DSA)
<14>Jul  1 14:28:34 ec2: 256 SHA256:LitgTRBufjf8oHFz9m8p6yN6LZ+ONJMgt7cVkNyWJdg root@ubuntu-xenial (ECDSA)
<14>Jul  1 14:28:34 ec2: 256 SHA256:7qBogNQoXxnC3hU5uWcZRDsRYfmmvEWcpNhhCU/E8yE root@ubuntu-xenial (ED25519)
<14>Jul  1 14:28:34 ec2: 2048 SHA256:xWF+pIGvK4DJHGxFCT9e/k/KxT3SxUXu/pHIJbxpkJw root@ubuntu-xenial (RSA)
<14>Jul  1 14:28:34 ec2: -----END SSH HOST KEY FINGERPRINTS-----
<14>Jul  1 14:28:34 ec2: #############################################################
-----BEGIN SSH HOST KEY KEYS-----
ecdsa-sha2-nistp256 AAAAE2VjZHNhLXNoYTItbmlzdHAyNTYAAAAIbmlzdHAyNTYAAABBBEkI0jH6Y4cM0AJP8Q2PuOOVBRJqTA17YO9Re7HXwUGoNiLylzrjTbyVLv1BLJV1nSvih/l3ya40QN3M11emEnA= root@ubuntu-xenial
ssh-ed25519 AAAAC3NzaC1lZDI1NTE5AAAAILP0iH6Gc9OShQCNJjQLKQos0cl1NSAGm98HWO1CK5uj root@ubuntu-xenial
ssh-rsa AAAAB3NzaC1yc2EAAAADAQABAAABAQC4am+rhYf3VG6+2OOM+RTkGJfazKwcn0vkwsYWDcjJgbS40KAW9noXQKPn2cYDKJuWwoYxjGWY+i6BP1ty5w3R+/e+UqTZ3aqzcnhL87R0GbShwywWADo8SFVDJJZBwHV2R8CEvc97D5igXhiZ6IYykA64Pa8LoA/+s+W6a7EdhPivhXJSSXhd/b1kdhHqxPtlzlW9V9Lhqcq3o2D006ILGpcRpxEIrMzVUqcj691dnqaOhR0PpSA3MoH8GU6MSLmulb/DIs/q8XjSuY7EhiDqMGbgkPWIqbya/rFxGtRdz+plZwn0GFg+5RkjZi8VqZSPsQ7AvTmAkXq3eFMNpl2/ root@ubuntu-xenial
-----END SSH HOST KEY KEYS-----
[   16.695243] cloud-init[1404]: Cloud-init v. 18.2 running 'modules:final' at Sun, 01 Jul 2018 14:28:34 +0000. Up 16.47 seconds.
[   16.707994] cloud-init[1404]: ci-info: no authorized ssh keys fingerprints found for user ubuntu.
[   16.716884] cloud-init[1404]: Cloud-init v. 18.2 finished at Sun, 01 Jul 2018 14:28:34 +0000. Datasource DataSourceNoCloud [seed=/dev/sdb][dsmode=net].  Up 16.68 seconds
[[0;32m  OK  [0m] Started Execute cloud user/final scripts.
[[0;32m  OK  [0m] Reached target Cloud-init target.

Ubuntu 16.04.4 LTS ubuntu-xenial ttyS0

ubuntu-xenial login: 